[ERROR   ] 00:07:05 rpcserver:303 Exception calling RPC request: '0e525810e93d9d834e0cf0255b9544869dd2b9e8'
Traceback (most recent call last):
  File "/usr/lib/pymodules/python2.6/deluge/core/rpcserver.py", line 298, in dispatch
    ret = self.factory.methods[method](*args, **kwargs)
  File "/usr/lib/pymodules/python2.6/deluge/core/core.py", line 415, in get_torrents_status
    status_dict[torrent_id] = self.get_torrent_status(torrent_id, keys, diff)
  File "/usr/lib/pymodules/python2.6/deluge/core/core.py", line 397, in get_torrent_status
    status = self.torrentmanager[torrent_id].get_status(keys, diff)
  File "/usr/lib/pymodules/python2.6/deluge/core/torrentmanager.py", line 273, in __getitem__
    return self.torrents[torrent_id]
KeyError: '0e525810e93d9d834e0cf0255b9544869dd2b9e8'
[ERROR   ] 00:17:25 rpcserver:303 Exception calling RPC request: '83ed0bd8a3469297ea912560f85bc0d9b57f7406'
Traceback (most recent call last):
  File "/usr/lib/pymodules/python2.6/deluge/core/rpcserver.py", line 298, in dispatch
    ret = self.factory.methods[method](*args, **kwargs)
  File "/usr/lib/pymodules/python2.6/deluge/core/core.py", line 415, in get_torrents_status
    status_dict[torrent_id] = self.get_torrent_status(torrent_id, keys, diff)
  File "/usr/lib/pymodules/python2.6/deluge/core/core.py", line 397, in get_torrent_status
    status = self.torrentmanager[torrent_id].get_status(keys, diff)
  File "/usr/lib/pymodules/python2.6/deluge/core/torrentmanager.py", line 273, in __getitem__
    return self.torrents[torrent_id]
KeyError: '83ed0bd8a3469297ea912560f85bc0d9b57f7406'
