06:08:45 PM Starting EasyTAG 2.1.6 (PId: 18224) ...
06:08:45 PM Currently using libid3tag version 0.15.1 (beta) ...
06:08:45 PM Currently using id3lib version 3.8.3 ...
06:08:45 PM Currently using locale 'en_US.UTF-8' (and eventually 'ISO-8859-1')...
06:08:55 PM Automatic corrections applied for file '/home/sio/torrents/Bullet For My Valentine - Scream Aim Fire (Deluxe Ediotion, 4 bonus tracks)/113-bullet_for_my_valentine-watching_us_die_tonight_(bonus_track).mp3'.
06:08:55 PM Automatic corrections applied for file '/home/sio/torrents/Bullet For My Valentine - Scream Aim Fire (Deluxe Ediotion, 4 bonus tracks)/108-bullet_for_my_valentine-say_good_night.mp3'.
06:08:55 PM Automatic corrections applied for file '/home/sio/torrents/Bullet For My Valentine - Scream Aim Fire (Deluxe Ediotion, 4 bonus tracks)/115-bullet_for_my_valentine-ashes_of_the_innocent_(bonus_track).mp3'.
06:08:55 PM Automatic corrections applied for file '/home/sio/torrents/Bullet For My Valentine - Scream Aim Fire (Deluxe Ediotion, 4 bonus tracks)/107-bullet_for_my_valentine-take_it_out_on_me.mp3'.
06:08:55 PM Automatic corrections applied for file '/home/sio/torrents/Bullet For My Valentine - Scream Aim Fire (Deluxe Ediotion, 4 bonus tracks)/104-bullet_for_my_valentine-waking_the_demon.mp3'.
06:08:55 PM Automatic corrections applied for file '/home/sio/torrents/Bullet For My Valentine - Scream Aim Fire (Deluxe Ediotion, 4 bonus tracks)/106-bullet_for_my_valentine-deliver_us_from_evil.mp3'.
06:08:55 PM Automatic corrections applied for file '/home/sio/torrents/Bullet For My Valentine - Scream Aim Fire (Deluxe Ediotion, 4 bonus tracks)/114-bullet_for_my_valentine-one_good_reason_why_(bonus_track).mp3'.
06:08:55 PM Automatic corrections applied for file '/home/sio/torrents/Bullet For My Valentine - Scream Aim Fire (Deluxe Ediotion, 4 bonus tracks)/103-bullet_for_my_valentine-hearts_burst_into_fire.mp3'.
06:08:55 PM Automatic corrections applied for file '/home/sio/torrents/Bullet For My Valentine - Scream Aim Fire (Deluxe Ediotion, 4 bonus tracks)/109-bullet_for_my_valentine-end_of_days.mp3'.
06:08:55 PM Automatic corrections applied for file '/home/sio/torrents/Bullet For My Valentine - Scream Aim Fire (Deluxe Ediotion, 4 bonus tracks)/111-bullet_for_my_valentine-forever_and_always.mp3'.
06:08:55 PM Automatic corrections applied for file '/home/sio/torrents/Bullet For My Valentine - Scream Aim Fire (Deluxe Ediotion, 4 bonus tracks)/105-bullet_for_my_valentine-disappear.mp3'.
06:08:55 PM Automatic corrections applied for file '/home/sio/torrents/Bullet For My Valentine - Scream Aim Fire (Deluxe Ediotion, 4 bonus tracks)/110-bullet_for_my_valentine-last_to_know.mp3'.
06:08:55 PM Automatic corrections applied for file '/home/sio/torrents/Bullet For My Valentine - Scream Aim Fire (Deluxe Ediotion, 4 bonus tracks)/112-bullet_for_my_valentine-road_to_no_where_(bonus_track).mp3'.
06:08:55 PM Automatic corrections applied for file '/home/sio/torrents/Bullet For My Valentine - Scream Aim Fire (Deluxe Ediotion, 4 bonus tracks)/101-bullet_for_my_valentine-scream_aim_fire.mp3'.
06:08:55 PM Automatic corrections applied for file '/home/sio/torrents/Bullet For My Valentine - Scream Aim Fire (Deluxe Ediotion, 4 bonus tracks)/102-bullet_for_my_valentine-eye_of_the_storm.mp3'.
06:09:10 PM Selected files tagged with comment 'www.torrentazos.com'.
06:09:12 PM Removed comment from selected files.
06:09:20 PM Updated tag of '101-bullet_for_my_valentine-scream_aim_fire.mp3'
06:09:21 PM Updated tag of '102-bullet_for_my_valentine-eye_of_the_storm.mp3'
06:09:21 PM Updated tag of '103-bullet_for_my_valentine-hearts_burst_into_fire.mp3'
06:09:21 PM Updated tag of '104-bullet_for_my_valentine-waking_the_demon.mp3'
06:09:21 PM Updated tag of '105-bullet_for_my_valentine-disappear.mp3'
06:09:21 PM Updated tag of '106-bullet_for_my_valentine-deliver_us_from_evil.mp3'
06:09:21 PM Updated tag of '107-bullet_for_my_valentine-take_it_out_on_me.mp3'
06:09:21 PM Updated tag of '108-bullet_for_my_valentine-say_good_night.mp3'
06:09:21 PM Updated tag of '109-bullet_for_my_valentine-end_of_days.mp3'
06:09:21 PM Updated tag of '110-bullet_for_my_valentine-last_to_know.mp3'
06:09:21 PM Updated tag of '111-bullet_for_my_valentine-forever_and_always.mp3'
06:09:21 PM Updated tag of '112-bullet_for_my_valentine-road_to_no_where_(bonus_track).mp3'
06:09:22 PM Updated tag of '113-bullet_for_my_valentine-watching_us_die_tonight_(bonus_track).mp3'
06:09:22 PM Updated tag of '114-bullet_for_my_valentine-one_good_reason_why_(bonus_track).mp3'
06:09:22 PM Updated tag of '115-bullet_for_my_valentine-ashes_of_the_innocent_(bonus_track).mp3'
06:09:29 PM EasyTAG: Normal exit.
