10/07/2010-19:09:55:Info:A new metadata plugin was added, gmpc has purged all failed hits from the cache
10/07/2010-19:10:08:Info:Connected to mpd
10/07/2010-19:10:08:Info:MPD Database has been updated at: Sat 10 Jul 2010 07:45:35 PM MSD
10/07/2010-19:11:35:Info:Connected to mpd
10/07/2010-19:18:35:Info:Connected to mpd
10/07/2010-19:18:35:Info:MPD Database has been updated at: Sat 10 Jul 2010 07:10:41 PM MSD
10/07/2010-19:25:14:Info:Connected to mpd
11/07/2010-14:44:34:Info:Connected to mpd
11/07/2010-22:24:23:Info:Connected to mpd
11/07/2010-23:17:54:Critical:<b>error code 17: connection closed</b>
11/07/2010-23:17:54:Info:Disconnected from mpd
12/07/2010-18:08:36:Info:Connected to mpd
12/07/2010-19:09:08:Info:Connected to mpd
12/07/2010-22:45:07:Info:Connected to mpd
13/07/2010-00:02:21:Info:Connected to mpd
13/07/2010-13:48:36:Info:Connected to mpd
13/07/2010-20:16:16:Info:Connected to mpd
13/07/2010-20:20:05:Info:Connected to mpd
13/07/2010-20:47:00:Info:Connected to mpd
13/07/2010-20:48:30:Info:Connected to mpd
14/07/2010-07:33:01:Info:Connected to mpd
14/07/2010-17:04:00:Info:Connected to mpd
14/07/2010-22:32:37:Info:Connected to mpd
14/07/2010-22:34:08:Info:Connected to mpd
14/07/2010-22:38:08:Info:Connected to mpd
14/07/2010-22:39:34:Info:Connected to mpd
14/07/2010-22:40:35:Info:Connected to mpd
14/07/2010-22:41:54:Info:Connected to mpd
14/07/2010-22:47:35:Info:Connected to mpd
14/07/2010-22:49:16:Info:Connected to mpd
15/07/2010-07:31:34:Info:Connected to mpd
15/07/2010-17:17:16:Info:Connected to mpd
16/07/2010-07:19:20:Info:Connected to mpd
16/07/2010-13:22:56:Info:Connected to mpd
16/07/2010-14:08:52:Info:Connected to mpd
16/07/2010-14:51:17:Info:MPD Database has been updated at: Fri 16 Jul 2010 02:51:17 PM MSD
16/07/2010-15:17:57:Info:MPD Database has been updated at: Fri 16 Jul 2010 03:17:56 PM MSD
16/07/2010-15:19:24:Info:Connected to mpd
16/07/2010-15:22:20:Info:Connected to mpd
16/07/2010-15:22:20:Info:MPD Database has been updated at: Thu 01 Jan 1970 03:00:00 AM MSK
16/07/2010-15:22:47:Info:MPD Database has been updated at: Fri 16 Jul 2010 03:22:46 PM MSD
16/07/2010-16:45:18:Critical:<b>error code 17: connection closed</b>
16/07/2010-16:45:18:Info:Disconnected from mpd
16/07/2010-23:46:13:Info:Connected to mpd
17/07/2010-07:59:35:Info:Connected to mpd
17/07/2010-10:15:56:Info:Connected to mpd
17/07/2010-14:49:20:Info:Connected to mpd
17/07/2010-15:25:27:Info:Connected to mpd
17/07/2010-23:06:05:Info:MPD Database has been updated at: Sat 17 Jul 2010 11:06:04 PM MSD
18/07/2010-10:54:19:Info:Connected to mpd
18/07/2010-13:23:27:Info:Connected to mpd
18/07/2010-15:38:25:Info:Connected to mpd
19/07/2010-07:40:30:Info:Connected to mpd
19/07/2010-16:25:03:Info:Connected to mpd
20/07/2010-07:25:30:Info:Connected to mpd
20/07/2010-17:58:26:Info:Connected to mpd
21/07/2010-06:57:15:Info:Connected to mpd
21/07/2010-17:55:19:Info:Connected to mpd
22/07/2010-06:56:51:Info:Connected to mpd
22/07/2010-16:25:42:Info:Connected to mpd
22/07/2010-19:00:18:Info:MPD Database has been updated at: Thu 22 Jul 2010 07:00:17 PM MSD
22/07/2010-19:15:27:Critical:<b>error code 17: connection closed</b>
22/07/2010-19:15:28:Info:Disconnected from mpd
22/07/2010-19:15:34:Info:Connected to mpd
22/07/2010-19:15:34:Info:MPD Database has been updated at: Thu 22 Jul 2010 07:00:17 PM MSD
23/07/2010-06:57:19:Info:Connected to mpd
23/07/2010-21:52:04:Info:Connected to mpd
23/07/2010-23:44:54:Info:Connected to mpd
24/07/2010-13:01:13:Info:Connected to mpd
24/07/2010-13:01:38:Info:Connected to mpd
25/07/2010-11:21:00:Info:Connected to mpd
25/07/2010-13:19:55:Info:Connected to mpd
25/07/2010-13:32:58:Info:Connected to mpd
25/07/2010-19:21:32:Info:Connected to mpd
25/07/2010-23:26:02:Info:Connected to mpd
25/07/2010-23:42:54:Info:Connected to mpd
26/07/2010-17:54:16:Info:Connected to mpd
27/07/2010-06:57:27:Info:Connected to mpd
27/07/2010-15:27:56:Info:Connected to mpd
27/07/2010-20:46:39:Info:Connected to mpd
28/07/2010-00:04:24:Critical:<b>error code 17: connection closed</b>
28/07/2010-00:04:24:Info:Disconnected from mpd
28/07/2010-07:27:54:Info:Connected to mpd
28/07/2010-17:36:30:Info:Connected to mpd
28/07/2010-19:46:56:Info:Connected to mpd
28/07/2010-20:02:14:Warning:MPD Reported the following error: 'problems decoding &quot;Dark_Tranquillity/link/dark_tranquillity-character-(digipak)-2005-butt/15-dark_tranquillity-the_treason_wall_(live_in_korea)-butt.mp3&quot;'
28/07/2010-20:02:28:Warning:MPD Reported the following error: 'problems decoding &quot;Dark_Tranquillity/link/dark_tranquillity-damage_done-ltd.ed.-digipak-proper-2002-berc/03-monochromatic_stains-berc.mp3&quot;'
28/07/2010-20:02:28:Warning:MPD Reported the following error: 'problems decoding &quot;Dark_Tranquillity/link/dark_tranquillity-damage_done-ltd.ed.-digipak-proper-2002-berc/12-ex_nihilo-berc.mp3&quot;'
28/07/2010-20:03:09:Warning:MPD Reported the following error: 'problems decoding &quot;Dark_Tranquillity/link/dark_tranquillity-the_gallery-(deluxe_edition)-2005-butt/09-dark_tranquillity-the_emptiness_from_which_i_fed-butt.mp3&quot;'
28/07/2010-20:03:11:Warning:MPD Reported the following error: 'problems decoding &quot;Dark_Tranquillity/link/dark_tranquillity-damage_done-ltd.ed.-digipak-proper-2002-berc/03-monochromatic_stains-berc.mp3&quot;'
28/07/2010-20:03:11:Warning:MPD Reported the following error: 'problems decoding &quot;Dark_Tranquillity/link/dark_tranquillity-damage_done-ltd.ed.-digipak-proper-2002-berc/12-ex_nihilo-berc.mp3&quot;'
28/07/2010-20:03:36:Warning:MPD Reported the following error: 'problems decoding &quot;Dark_Tranquillity/link/dark_tranquillity-damage_done-ltd.ed.-digipak-proper-2002-berc/09-the_enemy-berc.mp3&quot;'
28/07/2010-20:03:36:Warning:MPD Reported the following error: 'problems decoding &quot;Dark_Tranquillity/link/dark_tranquillity-damage_done-ltd.ed.-digipak-proper-2002-berc/12-ex_nihilo-berc.mp3&quot;'
29/07/2010-06:57:29:Info:Connected to mpd
29/07/2010-18:29:38:Info:Connected to mpd
30/07/2010-06:58:37:Info:Connected to mpd
30/07/2010-19:36:55:Info:Connected to mpd
31/07/2010-11:37:30:Info:Connected to mpd
31/07/2010-21:46:55:Info:Connected to mpd
31/07/2010-21:47:51:Info:Connected to mpd
31/07/2010-21:49:49:Info:Connected to mpd
01/08/2010-00:16:03:Info:Connected to mpd
01/08/2010-00:21:16:Info:Connected to mpd
01/08/2010-00:24:34:Info:Connected to mpd
01/08/2010-00:25:42:Info:Connected to mpd
01/08/2010-00:26:41:Info:Connected to mpd
01/08/2010-10:15:28:Info:Connected to mpd
02/08/2010-18:40:04:Info:Connected to mpd
02/08/2010-19:32:22:Critical:<b>error code 10: connection timeout</b>
02/08/2010-19:32:23:Info:Disconnected from mpd
02/08/2010-19:32:31:Info:Connected to mpd
03/08/2010-06:57:12:Info:Connected to mpd
03/08/2010-18:19:37:Info:Connected to mpd
04/08/2010-06:58:24:Info:Connected to mpd
04/08/2010-18:10:18:Info:Connected to mpd
05/08/2010-06:59:35:Info:Connected to mpd
05/08/2010-18:05:40:Info:Connected to mpd
06/08/2010-06:57:59:Info:Connected to mpd
06/08/2010-20:47:09:Info:Connected to mpd
06/08/2010-23:27:49:Info:Connected to mpd
06/08/2010-23:32:31:Info:Connected to mpd
07/08/2010-13:55:19:Info:Connected to mpd
07/08/2010-14:06:44:Info:Connected to mpd
07/08/2010-18:10:02:Info:MPD Database has been updated at: Sat 07 Aug 2010 06:10:02 PM MSD
07/08/2010-22:10:31:Info:Connected to mpd
07/08/2010-22:10:54:Critical:<b>error code 17: connection closed</b>
07/08/2010-22:10:54:Info:Disconnected from mpd
07/08/2010-22:13:54:Info:Connected to mpd
07/08/2010-22:22:48:Info:Connected to mpd
07/08/2010-23:10:25:Info:Connected to mpd
08/08/2010-00:00:22:Info:Connected to mpd
08/08/2010-00:00:57:Info:Connected to mpd
08/08/2010-00:05:31:Info:Connected to mpd
08/08/2010-00:07:12:Info:Connected to mpd
08/08/2010-00:07:50:Info:Connected to mpd
08/08/2010-00:11:45:Info:Connected to mpd
08/08/2010-00:13:29:Info:Connected to mpd
08/08/2010-00:23:08:Info:Connected to mpd
08/08/2010-00:24:29:Info:Connected to mpd
08/08/2010-00:28:29:Info:Connected to mpd
08/08/2010-00:31:18:Info:Connected to mpd
08/08/2010-00:32:50:Info:Connected to mpd
08/08/2010-00:34:44:Info:Connected to mpd
08/08/2010-00:35:06:Info:Connected to mpd
08/08/2010-00:36:00:Info:Connected to mpd
08/08/2010-00:53:07:Info:Connected to mpd
08/08/2010-00:57:19:Info:Connected to mpd
08/08/2010-00:58:45:Info:Connected to mpd
08/08/2010-19:25:38:Info:Connected to mpd
09/08/2010-18:27:52:Info:Connected to mpd
10/08/2010-18:37:22:Info:Connected to mpd
10/08/2010-19:19:43:Info:Connected to mpd
10/08/2010-19:20:14:Info:Connected to mpd
10/08/2010-19:20:45:Info:Connected to mpd
11/08/2010-01:44:17:Critical:<b>error code 17: connection closed</b>
11/08/2010-01:44:17:Info:Disconnected from mpd
11/08/2010-06:57:53:Info:Connected to mpd
11/08/2010-08:04:23:Critical:<b>error code 17: connection closed</b>
11/08/2010-08:04:23:Info:Disconnected from mpd
11/08/2010-18:25:04:Info:Connected to mpd
13/08/2010-08:00:11:Critical:<b>error code 17: connection closed</b>
13/08/2010-08:00:11:Info:Disconnected from mpd
13/08/2010-20:33:49:Info:Connected to mpd
14/08/2010-10:41:12:Info:Connected to mpd
14/08/2010-13:21:37:Info:Connected to mpd
14/08/2010-13:25:07:Info:Connected to mpd
14/08/2010-14:11:30:Info:Connected to mpd
14/08/2010-14:32:01:Info:Connected to mpd
14/08/2010-17:35:53:Info:Connected to mpd
14/08/2010-19:37:51:Info:Connected to mpd
14/08/2010-19:44:47:Info:Connected to mpd
14/08/2010-19:46:25:Info:Connected to mpd
14/08/2010-19:50:42:Info:Connected to mpd
14/08/2010-19:51:24:Info:Connected to mpd
14/08/2010-20:04:40:Info:Connected to mpd
14/08/2010-20:07:00:Info:Connected to mpd
14/08/2010-20:24:57:Info:Connected to mpd
14/08/2010-20:35:33:Info:Connected to mpd
14/08/2010-20:38:11:Info:Connected to mpd
14/08/2010-20:39:07:Critical:<b>error code 17: connection closed</b>
14/08/2010-20:39:07:Info:Disconnected from mpd
14/08/2010-20:40:14:Info:Connected to mpd
14/08/2010-21:07:10:Info:Connected to mpd
14/08/2010-21:09:33:Info:Connected to mpd
14/08/2010-21:13:01:Info:Connected to mpd
14/08/2010-21:25:41:Info:Connected to mpd
15/08/2010-14:50:45:Info:Connected to mpd
15/08/2010-15:36:49:Info:Connected to mpd
15/08/2010-15:39:46:Info:Connected to mpd
15/08/2010-15:40:17:Info:Connected to mpd
15/08/2010-15:41:47:Info:Connected to mpd
15/08/2010-15:43:07:Info:Connected to mpd
15/08/2010-15:46:27:Info:Connected to mpd
15/08/2010-15:54:19:Info:Connected to mpd
15/08/2010-15:55:51:Info:Connected to mpd
15/08/2010-15:57:11:Critical:<b>error code 17: connection closed</b>
15/08/2010-15:57:11:Info:Disconnected from mpd
15/08/2010-15:58:16:Info:Connected to mpd
15/08/2010-15:58:34:Critical:<b>error code 17: connection closed</b>
15/08/2010-15:58:34:Info:Disconnected from mpd
15/08/2010-15:59:40:Info:Connected to mpd
15/08/2010-15:59:55:Critical:<b>error code 17: connection closed</b>
15/08/2010-15:59:55:Info:Disconnected from mpd
15/08/2010-16:01:05:Info:Connected to mpd
16/08/2010-17:00:47:Info:Connected to mpd
16/08/2010-17:08:11:Info:Connected to mpd
17/08/2010-19:07:25:Info:Connected to mpd
17/08/2010-20:05:19:Info:Connected to mpd
17/08/2010-20:14:12:Info:Connected to mpd
17/08/2010-20:34:56:Info:Connected to mpd
17/08/2010-20:42:26:Info:Connected to mpd
17/08/2010-21:04:25:Critical:<b>error code 17: connection closed</b>
17/08/2010-21:04:25:Info:Disconnected from mpd
17/08/2010-21:05:29:Info:Connected to mpd
17/08/2010-21:37:46:Info:Connected to mpd
17/08/2010-21:38:53:Info:Connected to mpd
17/08/2010-21:39:17:Info:Connected to mpd
17/08/2010-21:40:19:Info:Connected to mpd
17/08/2010-21:42:49:Info:Connected to mpd
17/08/2010-21:47:52:Info:Connected to mpd
17/08/2010-21:48:47:Info:Connected to mpd
17/08/2010-21:49:42:Info:Connected to mpd
17/08/2010-21:55:38:Info:Connected to mpd
17/08/2010-21:56:27:Info:Connected to mpd
17/08/2010-22:55:09:Info:Connected to mpd
18/08/2010-20:09:48:Info:Connected to mpd
18/08/2010-20:09:57:Critical:<b>error code 17: connection closed</b>
18/08/2010-20:09:57:Info:Disconnected from mpd
18/08/2010-20:11:06:Info:Connected to mpd
19/08/2010-20:05:04:Critical:<b>error code 17: connection closed</b>
19/08/2010-20:05:05:Info:Disconnected from mpd
19/08/2010-20:08:43:Info:Connected to mpd
20/08/2010-17:58:30:Info:Connected to mpd
21/08/2010-00:17:38:Info:Connected to mpd
21/08/2010-17:02:23:Info:Connected to mpd
21/08/2010-17:27:25:Info:Connected to mpd
21/08/2010-22:31:19:Info:Connected to mpd
22/08/2010-14:32:56:Info:Connected to mpd
22/08/2010-14:35:18:Info:Connected to mpd
22/08/2010-14:54:22:Info:Connected to mpd
22/08/2010-15:54:27:Info:MPD Database has been updated at: Sun 22 Aug 2010 03:54:26 PM MSD
22/08/2010-16:01:02:Info:MPD Database has been updated at: Sun 22 Aug 2010 04:01:02 PM MSD
22/08/2010-16:30:12:Critical:<b>error code 17: connection closed</b>
22/08/2010-16:30:13:Info:Disconnected from mpd
22/08/2010-16:30:19:Info:Connected to mpd
22/08/2010-16:30:19:Info:MPD Database has been updated at: Sun 22 Aug 2010 04:01:02 PM MSD
22/08/2010-18:53:08:Info:MPD Database has been updated at: Sun 22 Aug 2010 06:53:08 PM MSD
22/08/2010-19:08:03:Info:Connected to mpd
22/08/2010-19:18:53:Info:MPD Database has been updated at: Sun 22 Aug 2010 07:18:52 PM MSD
22/08/2010-19:21:38:Info:MPD Database has been updated at: Sun 22 Aug 2010 07:21:37 PM MSD
22/08/2010-19:23:34:Info:Connected to mpd
22/08/2010-19:24:25:Info:Connected to mpd
22/08/2010-20:19:52:Critical:<b>error code 17: connection closed</b>
22/08/2010-20:19:53:Info:Disconnected from mpd
22/08/2010-21:36:55:Info:Connected to mpd
22/08/2010-22:13:11:Info:Connected to mpd
22/08/2010-22:14:35:Info:Connected to mpd
23/08/2010-07:42:19:Info:MPD Database has been updated at: Mon 23 Aug 2010 07:42:19 AM MSD
23/08/2010-07:43:10:Info:Connected to mpd
23/08/2010-07:47:16:Info:Connected to mpd
23/08/2010-07:48:10:Info:Connected to mpd
23/08/2010-07:50:02:Info:Connected to mpd
23/08/2010-07:50:19:Info:Connected to mpd
23/08/2010-07:52:09:Info:Connected to mpd
23/08/2010-07:53:34:Info:Connected to mpd
23/08/2010-07:56:01:Info:Connected to mpd
23/08/2010-07:58:13:Info:Connected to mpd
23/08/2010-18:07:50:Info:MPD Database has been updated at: Mon 23 Aug 2010 06:07:49 PM MSD
23/08/2010-18:15:10:Info:Connected to mpd
23/08/2010-18:16:59:Info:Connected to mpd
23/08/2010-18:17:38:Info:Connected to mpd
23/08/2010-19:17:36:Info:Connected to mpd
23/08/2010-20:16:04:Info:Connected to mpd
23/08/2010-20:44:44:Critical:<b>error code 10: connection timeout</b>
23/08/2010-20:44:54:Info:Disconnected from mpd
23/08/2010-20:45:12:Info:Connected to mpd
23/08/2010-21:00:29:Critical:<b>error code 17: connection closed</b>
23/08/2010-21:00:29:Info:Disconnected from mpd
23/08/2010-21:00:35:Critical:<b>error code 13: problems connecting to &quot;localhost&quot; on port 6600: Operation now in progress</b>
23/08/2010-21:00:41:Critical:<b>error code 13: problems connecting to &quot;localhost&quot; on port 6600: Operation now in progress</b>
23/08/2010-21:00:48:Critical:<b>error code 13: problems connecting to &quot;localhost&quot; on port 6600: Operation now in progress</b>
23/08/2010-21:00:56:Critical:<b>error code 13: problems connecting to &quot;localhost&quot; on port 6600: Operation now in progress</b>
23/08/2010-21:01:05:Critical:<b>error code 13: problems connecting to &quot;localhost&quot; on port 6600: Operation now in progress</b>
23/08/2010-21:01:15:Critical:<b>error code 13: problems connecting to &quot;localhost&quot; on port 6600: Operation now in progress</b>
23/08/2010-21:01:26:Critical:<b>error code 13: problems connecting to &quot;localhost&quot; on port 6600: Operation now in progress</b>
23/08/2010-21:01:38:Critical:<b>error code 13: problems connecting to &quot;localhost&quot; on port 6600: Operation now in progress</b>
23/08/2010-21:01:51:Critical:<b>error code 13: problems connecting to &quot;localhost&quot; on port 6600: Operation now in progress</b>
23/08/2010-21:02:05:Critical:<b>error code 13: problems connecting to &quot;localhost&quot; on port 6600: Operation now in progress</b>
23/08/2010-21:02:20:Critical:<b>error code 13: problems connecting to &quot;localhost&quot; on port 6600: Operation now in progress</b>
23/08/2010-21:02:36:Critical:<b>error code 13: problems connecting to &quot;localhost&quot; on port 6600: Operation now in progress</b>
23/08/2010-21:02:53:Critical:<b>error code 13: problems connecting to &quot;localhost&quot; on port 6600: Operation now in progress</b>
23/08/2010-21:03:11:Critical:<b>error code 13: problems connecting to &quot;localhost&quot; on port 6600: Operation now in progress</b>
23/08/2010-21:03:30:Critical:<b>error code 13: problems connecting to &quot;localhost&quot; on port 6600: Operation now in progress</b>
23/08/2010-21:03:50:Critical:<b>error code 13: problems connecting to &quot;localhost&quot; on port 6600: Operation now in progress</b>
23/08/2010-21:04:11:Critical:<b>error code 13: problems connecting to &quot;localhost&quot; on port 6600: Operation now in progress</b>
23/08/2010-21:04:33:Critical:<b>error code 13: problems connecting to &quot;localhost&quot; on port 6600: Operation now in progress</b>
23/08/2010-21:04:56:Critical:<b>error code 13: problems connecting to &quot;localhost&quot; on port 6600: Operation now in progress</b>
23/08/2010-21:05:20:Critical:<b>error code 13: problems connecting to &quot;localhost&quot; on port 6600: Operation now in progress</b>
23/08/2010-21:05:45:Critical:<b>error code 13: problems connecting to &quot;localhost&quot; on port 6600: Operation now in progress</b>
23/08/2010-21:06:11:Critical:<b>error code 13: problems connecting to &quot;localhost&quot; on port 6600: Operation now in progress</b>
23/08/2010-21:06:38:Critical:<b>error code 13: problems connecting to &quot;localhost&quot; on port 6600: Operation now in progress</b>
23/08/2010-21:07:06:Critical:<b>error code 13: problems connecting to &quot;localhost&quot; on port 6600: Operation now in progress</b>
23/08/2010-21:07:35:Critical:<b>error code 13: problems connecting to &quot;localhost&quot; on port 6600: Operation now in progress</b>
23/08/2010-21:08:05:Critical:<b>error code 13: problems connecting to &quot;localhost&quot; on port 6600: Operation now in progress</b>
23/08/2010-21:11:08:Info:Connected to mpd
26/08/2010-07:42:34:Critical:<b>error code 17: connection closed</b>
26/08/2010-07:42:34:Info:Disconnected from mpd
26/08/2010-07:42:40:Info:Connected to mpd
26/08/2010-19:14:33:Critical:<b>error code 17: connection closed</b>
26/08/2010-19:14:33:Info:Disconnected from mpd
26/08/2010-19:14:38:Info:Connected to mpd
26/08/2010-20:45:30:Info:Connected to mpd
27/08/2010-15:54:22:Info:Connected to mpd
28/08/2010-22:49:37:Info:Connected to mpd
28/08/2010-23:06:47:Critical:<b>error code 17: connection closed</b>
28/08/2010-23:06:47:Info:Disconnected from mpd
28/08/2010-23:08:32:Info:Connected to mpd
28/08/2010-23:19:34:Critical:<b>error code 17: connection closed</b>
28/08/2010-23:19:36:Info:Disconnected from mpd
28/08/2010-23:20:50:Info:Connected to mpd
29/08/2010-00:01:08:Critical:<b>error code 17: connection closed</b>
29/08/2010-00:01:09:Info:Disconnected from mpd
29/08/2010-11:25:01:Info:Connected to mpd
29/08/2010-16:59:16:Info:Connected to mpd
29/08/2010-18:12:21:Critical:<b>error code 17: connection closed</b>
29/08/2010-18:12:21:Info:Disconnected from mpd
29/08/2010-18:12:27:Info:Connected to mpd
31/08/2010-18:00:00:Warning:MPD Reported the following error: 'problems opening audio device'
31/08/2010-18:00:10:Warning:MPD Reported the following error: 'problems opening audio device'
31/08/2010-18:00:13:Warning:MPD Reported the following error: 'problems opening audio device'
02/09/2010-17:36:13:Info:Connected to mpd
02/09/2010-20:02:18:Info:Connected to mpd
02/09/2010-20:41:58:Critical:<b>error code 17: connection closed</b>
02/09/2010-20:41:58:Info:Disconnected from mpd
02/09/2010-21:11:39:Info:Connected to mpd
02/09/2010-21:34:26:Critical:<b>error code 17: connection closed</b>
02/09/2010-21:34:26:Info:Disconnected from mpd
03/09/2010-13:00:32:Info:Connected to mpd
03/09/2010-19:58:06:Warning:MPD Reported the following error: 'problems opening audio device'
03/09/2010-19:58:12:Warning:MPD Reported the following error: 'problems opening audio device'
03/09/2010-19:58:13:Warning:MPD Reported the following error: 'problems opening audio device'
03/09/2010-19:59:44:Warning:MPD Reported the following error: 'problems opening audio device'
03/09/2010-19:59:46:Warning:MPD Reported the following error: 'problems opening audio device'
03/09/2010-19:59:46:Warning:MPD Reported the following error: 'problems opening audio device'
03/09/2010-19:59:49:Warning:MPD Reported the following error: 'problems opening audio device'
03/09/2010-19:59:50:Warning:MPD Reported the following error: 'problems opening audio device'
03/09/2010-19:59:51:Warning:MPD Reported the following error: 'problems opening audio device'
03/09/2010-19:59:51:Warning:MPD Reported the following error: 'problems opening audio device'
03/09/2010-19:59:52:Warning:MPD Reported the following error: 'problems opening audio device'
03/09/2010-19:59:52:Warning:MPD Reported the following error: 'problems opening audio device'
03/09/2010-19:59:53:Warning:MPD Reported the following error: 'problems opening audio device'
03/09/2010-19:59:53:Warning:MPD Reported the following error: 'problems opening audio device'
03/09/2010-19:59:54:Warning:MPD Reported the following error: 'problems opening audio device'
03/09/2010-19:59:54:Warning:MPD Reported the following error: 'problems opening audio device'
03/09/2010-19:59:55:Warning:MPD Reported the following error: 'problems opening audio device'
03/09/2010-19:59:58:Warning:MPD Reported the following error: 'problems opening audio device'
04/09/2010-18:13:43:Info:Connected to mpd
08/09/2010-20:12:09:Warning:MPD Reported the following error: 'problems opening audio device'
08/09/2010-20:12:12:Warning:MPD Reported the following error: 'problems opening audio device'
08/09/2010-20:12:12:Warning:MPD Reported the following error: 'problems opening audio device'
08/09/2010-20:12:13:Warning:MPD Reported the following error: 'problems opening audio device'
08/09/2010-20:12:13:Warning:MPD Reported the following error: 'problems opening audio device'
08/09/2010-20:12:14:Warning:MPD Reported the following error: 'problems opening audio device'
08/09/2010-20:12:14:Warning:MPD Reported the following error: 'problems opening audio device'
08/09/2010-20:12:15:Warning:MPD Reported the following error: 'problems opening audio device'
08/09/2010-20:12:16:Warning:MPD Reported the following error: 'problems opening audio device'
08/09/2010-20:12:22:Warning:MPD Reported the following error: 'problems opening audio device'
08/09/2010-20:13:11:Warning:MPD Reported the following error: 'problems opening audio device'
08/09/2010-20:13:12:Warning:MPD Reported the following error: 'problems opening audio device'
08/09/2010-20:13:12:Warning:MPD Reported the following error: 'problems opening audio device'
08/09/2010-20:14:49:Warning:MPD Reported the following error: 'problems opening audio device'
08/09/2010-20:14:51:Warning:MPD Reported the following error: 'problems opening audio device'
08/09/2010-20:15:24:Warning:MPD Reported the following error: 'problems opening audio device'
08/09/2010-20:17:52:Warning:MPD Reported the following error: 'problems opening audio device'
08/09/2010-20:18:00:Critical:<b>error code 17: connection closed</b>
08/09/2010-20:18:00:Info:Disconnected from mpd
08/09/2010-20:18:06:Info:Connected to mpd
08/09/2010-20:18:53:Info:Connected to mpd
08/09/2010-20:25:20:Critical:<b>error code 17: connection closed</b>
08/09/2010-20:25:20:Info:Disconnected from mpd
08/09/2010-20:25:25:Info:Connected to mpd
08/09/2010-20:25:43:Critical:<b>error code 17: connection closed</b>
08/09/2010-20:25:43:Info:Disconnected from mpd
08/09/2010-20:25:48:Warning:MPD Reported the following error: 'problems opening audio device'
08/09/2010-20:25:48:Info:Connected to mpd
08/09/2010-20:25:54:Warning:MPD Reported the following error: 'problems opening audio device'
08/09/2010-20:28:04:Critical:<b>error code 17: connection closed</b>
08/09/2010-20:28:04:Info:Disconnected from mpd
08/09/2010-20:28:09:Warning:MPD Reported the following error: 'problems opening audio device'
08/09/2010-20:28:09:Info:Connected to mpd
08/09/2010-20:28:11:Warning:MPD Reported the following error: 'problems opening audio device'
08/09/2010-20:28:12:Warning:MPD Reported the following error: 'problems opening audio device'
08/09/2010-20:28:12:Warning:MPD Reported the following error: 'problems opening audio device'
08/09/2010-20:28:13:Warning:MPD Reported the following error: 'problems opening audio device'
08/09/2010-20:28:14:Warning:MPD Reported the following error: 'problems opening audio device'
08/09/2010-20:28:14:Warning:MPD Reported the following error: 'problems opening audio device'
08/09/2010-20:28:14:Warning:MPD Reported the following error: 'problems opening audio device'
08/09/2010-20:28:14:Warning:MPD Reported the following error: 'problems opening audio device'
08/09/2010-20:28:15:Warning:MPD Reported the following error: 'problems opening audio device'
08/09/2010-20:28:15:Warning:MPD Reported the following error: 'problems opening audio device'
08/09/2010-20:29:33:Critical:<b>error code 17: connection closed</b>
08/09/2010-20:29:33:Info:Disconnected from mpd
08/09/2010-20:29:39:Info:Connected to mpd
08/09/2010-20:30:21:Critical:<b>error code 17: connection closed</b>
08/09/2010-20:30:21:Info:Disconnected from mpd
08/09/2010-20:30:27:Warning:MPD Reported the following error: 'problems opening audio device'
08/09/2010-20:30:27:Info:Connected to mpd
08/09/2010-20:30:29:Warning:MPD Reported the following error: 'problems opening audio device'
08/09/2010-20:30:29:Warning:MPD Reported the following error: 'problems opening audio device'
08/09/2010-20:30:30:Warning:MPD Reported the following error: 'problems opening audio device'
08/09/2010-20:30:38:Warning:MPD Reported the following error: 'problems opening audio device'
08/09/2010-20:30:39:Warning:MPD Reported the following error: 'problems opening audio device'
08/09/2010-20:30:40:Critical:<b>error code 17: connection closed</b>
08/09/2010-20:30:40:Info:Disconnected from mpd
08/09/2010-20:30:46:Info:Connected to mpd
08/09/2010-20:31:29:Critical:<b>error code 17: connection closed</b>
08/09/2010-20:31:29:Info:Disconnected from mpd
08/09/2010-20:31:34:Info:Connected to mpd
09/09/2010-18:15:31:Info:Connected to mpd
10/09/2010-19:02:30:Critical:<b>error code 17: connection closed</b>
10/09/2010-19:02:31:Info:Disconnected from mpd
10/09/2010-19:44:14:Info:Connected to mpd
19/09/2010-18:00:41:Info:Connected to mpd
19/09/2010-21:32:32:Critical:<b>error code 17: connection closed</b>
19/09/2010-21:32:32:Info:Disconnected from mpd
19/09/2010-21:35:48:Info:Connected to mpd
19/09/2010-23:04:08:Info:Connected to mpd
20/09/2010-04:16:40:Critical:<b>error code 17: connection closed</b>
20/09/2010-04:16:40:Info:Disconnected from mpd
20/09/2010-15:39:15:Info:Connected to mpd
20/09/2010-18:46:03:Critical:<b>error code 17: connection closed</b>
20/09/2010-18:46:03:Info:Disconnected from mpd
20/09/2010-18:49:05:Info:Connected to mpd
20/09/2010-19:46:18:Critical:<b>error code 17: connection closed</b>
20/09/2010-19:46:19:Info:Disconnected from mpd
22/09/2010-23:42:08:Info:Connected to mpd
25/09/2010-14:57:42:Info:Connected to mpd
25/09/2010-15:48:07:Info:MPD Database has been updated at: Sat 25 Sep 2010 03:48:07 PM MSD
26/09/2010-14:32:32:Info:Connected to mpd
26/09/2010-18:57:44:Info:Connected to mpd
26/09/2010-18:58:21:Info:Connected to mpd
