2010-07-18T13:32:52 Checking update-file '/usr/share/kde4/apps/kconf_update/kuriikwsfilter.upd' for new updates
2010-07-18T13:32:52 kuriikwsfilter.upd: Found new update 'post-kde3.1/cvs'
2010-07-18T13:32:52 kuriikwsfilter.upd: File 'kuriikwsfilterrc' does not exist or empty, skipping
2010-07-18T13:32:52 Checking update-file '/usr/share/kde4/apps/kconf_update/kio_help.upd' for new updates
2010-07-18T13:32:52 kio_help.upd: Found new update 'kde3_2'
2010-07-18T13:32:52 kio_help.upd: Running script 'move_kio_help_cache.sh'
2010-07-18T13:32:52 [Script] mv: cannot stat `/home/sio/.kde/share/apps/kio_help/cache': No such file or directory
2010-07-18T13:32:52 [Script] rmdir: failed to remove `/home/sio/.kde/share/apps/kio_help': No such file or directory
2010-07-18T13:32:52 Checking update-file '/usr/share/kde4/apps/kconf_update/kded.upd' for new updates
2010-07-18T13:32:52 kded.upd: Found new update 'kde3.0'
2010-07-18T13:32:52 kded.upd: File 'kdedrc' does not exist or empty, skipping
2010-07-18T13:32:52 Checking update-file '/usr/share/kde4/apps/kconf_update/kcookiescfg.upd' for new updates
2010-07-18T13:32:52 kcookiescfg.upd: Found new update 'kde2.2/b1'
2010-07-18T13:32:52 kcookiescfg.upd: File 'kcookiejarrc' does not exist or empty, skipping
2010-07-18T13:32:52 kcookiescfg.upd: Found new update 'kde3.1/cvs'
2010-07-18T13:32:52 kcookiescfg.upd: File 'kcookiejarrc' does not exist or empty, skipping
2010-07-18T13:32:52 Checking update-file '/usr/share/kde4/apps/kconf_update/ksslcertificatemanager.upd' for new updates
2010-07-18T13:32:52 ksslcertificatemanager.upd: Found new update 'kde4.2'
2010-07-18T13:32:52 ksslcertificatemanager.upd: Running script 'ksslcertificatemanager.upd.sh'
2010-07-18T13:32:52 [Script] rm: cannot remove `/home/sio/.kde//share/config/ksslcertificatemanager': No such file or directory
2010-07-18T13:32:52 ksslcertificatemanager.upd: !! An error occurred while running 'sh /usr/share/kde4/apps/kconf_update/ksslcertificatemanager.upd.sh'
2010-07-18T13:32:52 Checking update-file '/usr/share/kde4/apps/kconf_update/kioslave.upd' for new updates
2010-07-18T13:32:52 kioslave.upd: Found new update 'kde2.2/r1'
2010-07-18T13:32:52 kioslave.upd: File 'kioslaverc' does not exist or empty, skipping
2010-07-18T13:32:52 kioslave.upd: Skipping update 'kde2.2/r1'
2010-07-18T13:32:52 kioslave.upd: File 'kioslaverc' does not exist or empty, skipping
2010-07-18T13:32:52 kioslave.upd: Found new update 'kde2.2/r2'
2010-07-18T13:32:52 kioslave.upd: File 'kioslaverc' does not exist or empty, skipping
2010-07-18T13:32:52 kioslave.upd: Found new update 'kde2.2/r3'
2010-07-18T13:32:52 kioslave.upd: File 'kioslaverc' does not exist or empty, skipping
2010-07-18T13:32:52 Checking update-file '/usr/share/kde4/apps/kconf_update/plasma_popupapplet_fix_groups.upd' for new updates
2010-07-18T13:32:52 plasma_popupapplet_fix_groups.upd: Found new update 'PlasmaPopupAppletFixGroups1'
2010-07-18T13:32:52 plasma_popupapplet_fix_groups.upd: File 'plasma-appletsrc' does not exist or empty, skipping
2010-07-18T13:32:52 plasma_popupapplet_fix_groups.upd: Found new update 'PlasmaPopupAppletFixGroups2'
2010-07-18T13:32:52 plasma_popupapplet_fix_groups.upd: File 'plasmarc' does not exist or empty, skipping
2010-07-18T13:32:52 plasma_popupapplet_fix_groups.upd: Found new update 'PlasmaPopupAppletFixGroups3'
2010-07-18T13:32:52 plasma_popupapplet_fix_groups.upd: File 'plasmoidviewer-appletsrc' does not exist or empty, skipping
2010-07-18T13:32:52 Checking update-file '/usr/share/kde4/apps/kconf_update/devicepreference.upd' for new updates
2010-07-18T13:32:52 devicepreference.upd: Found new update 'DevicesMovedToPlatformPlugin'
2010-07-18T13:32:52 devicepreference.upd: Running script 'phonon_devicepreference_update'
2010-07-18T13:32:52 devicepreference.upd: Found new update 'DevicesUIDsChanged'
2010-07-18T13:32:52 devicepreference.upd: Running script 'phonon_deviceuids_update'
